<?xml version="1.0" encoding="UTF-8"?>
<!-- Generated by org.testng.reporters.JUnitReportReporter -->
<testsuite hostname="luutienngoc" failures="0" tests="1" name="com.example.demo3.TestAPI.CreateItem.CreateItemRandom" time="4.425" errors="0" timestamp="2022-07-09T13:39:18 ICT" skipped="0">
  <testcase classname="com.example.demo3.TestAPI.CreateItem.CreateItemRandom" name="testCreateAuction" time="4.425"/>
  <system-out/>
</testsuite> <!-- com.example.demo3.TestAPI.CreateItem.CreateItemRandom -->
