<?xml version="1.0" encoding="UTF-8"?>
<!-- Generated by org.testng.reporters.JUnitReportReporter -->
<testsuite hostname="luutienngoc" failures="0" tests="10" name="com.example.demo3.LoginTest" time="17.905" errors="0" timestamp="2022-07-06T22:02:10 ICT" skipped="0">
  <testcase classname="com.example.demo3.LoginTest" name="testAll" time="1.432"/>
  <system-out/>
  <testcase classname="com.example.demo3.LoginTest" name="testAll" time="1.738"/>
  <system-out/>
  <testcase classname="com.example.demo3.LoginTest" name="testAll" time="1.685"/>
  <system-out/>
  <testcase classname="com.example.demo3.LoginTest" name="testAll" time="1.551"/>
  <system-out/>
  <testcase classname="com.example.demo3.LoginTest" name="testAll" time="3.839"/>
  <system-out/>
  <testcase classname="com.example.demo3.LoginTest" name="testAll" time="1.451"/>
  <system-out/>
  <testcase classname="com.example.demo3.LoginTest" name="testRandom" time="1.562"/>
  <system-out/>
  <testcase classname="com.example.demo3.LoginTest" name="testAll" time="1.523"/>
  <system-out/>
  <testcase classname="com.example.demo3.LoginTest" name="testAll" time="1.584"/>
  <system-out/>
  <testcase classname="com.example.demo3.LoginTest" name="testAtIndex" time="1.540"/>
  <system-out/>
</testsuite> <!-- com.example.demo3.LoginTest -->
