<?xml version="1.0" encoding="UTF-8"?>
<!-- Generated by org.testng.reporters.JUnitReportReporter -->
<testsuite hostname="luutienngoc" failures="0" tests="1" name="com.example.demo3.TestAPI.GetListAuctionByUser.GetListAuctionsByUserAtIndex" time="3.600" errors="0" timestamp="2022-07-09T02:10:19 ICT" skipped="0">
  <testcase classname="com.example.demo3.TestAPI.GetListAuctionByUser.GetListAuctionsByUserAtIndex" name="testAll" time="3.600"/>
  <system-out/>
</testsuite> <!-- com.example.demo3.TestAPI.GetListAuctionByUser.GetListAuctionsByUserAtIndex -->
