<?xml version="1.0" encoding="UTF-8"?>
<!-- Generated by org.testng.reporters.JUnitReportReporter -->
<testsuite hostname="luutienngoc" failures="0" tests="1" name="com.example.demo3.TestAPI.EditAccount.EditAccountRandom" time="0.000" errors="0" timestamp="2022-07-09T01:45:07 ICT" skipped="1">
  <testcase classname="com.example.demo3.TestAPI.EditAccount.EditAccountRandom" name="testAll" time="0.000">
    <skipped/>
  </testcase> <!-- testAll -->
  <system-out/>
</testsuite> <!-- com.example.demo3.TestAPI.EditAccount.EditAccountRandom -->
