<?xml version="1.0" encoding="UTF-8"?>
<!-- Generated by org.testng.reporters.JUnitReportReporter -->
<testsuite hostname="luutienngoc" failures="0" tests="15" name="com.example.demo3.TestAPI.GetNews.getNews" time="48.939" errors="0" timestamp="2022-07-09T21:24:09 ICT" skipped="0">
  <testcase classname="com.example.demo3.TestAPI.GetNews.getNews" name="testAll" time="4.312"/>
  <system-out/>
  <testcase classname="com.example.demo3.TestAPI.GetNews.getNews" name="testAll" time="3.160"/>
  <system-out/>
  <testcase classname="com.example.demo3.TestAPI.GetNews.getNews" name="testAll" time="2.830"/>
  <system-out/>
  <testcase classname="com.example.demo3.TestAPI.GetNews.getNews" name="testAll" time="3.192"/>
  <system-out/>
  <testcase classname="com.example.demo3.TestAPI.GetNews.getNews" name="testAll" time="3.160"/>
  <system-out/>
  <testcase classname="com.example.demo3.TestAPI.GetNews.getNews" name="testAll" time="2.973"/>
  <system-out/>
  <testcase classname="com.example.demo3.TestAPI.GetNews.getNews" name="testAll" time="2.890"/>
  <system-out/>
  <testcase classname="com.example.demo3.TestAPI.GetNews.getNews" name="testAll" time="2.873"/>
  <system-out/>
  <testcase classname="com.example.demo3.TestAPI.GetNews.getNews" name="testAll" time="3.072"/>
  <system-out/>
  <testcase classname="com.example.demo3.TestAPI.GetNews.getNews" name="testAll" time="3.093"/>
  <system-out/>
  <testcase classname="com.example.demo3.TestAPI.GetNews.getNews" name="testAll" time="5.007"/>
  <system-out/>
  <testcase classname="com.example.demo3.TestAPI.GetNews.getNews" name="testAll" time="3.168"/>
  <system-out/>
  <testcase classname="com.example.demo3.TestAPI.GetNews.getNews" name="testAll" time="3.168"/>
  <system-out/>
  <testcase classname="com.example.demo3.TestAPI.GetNews.getNews" name="testAll" time="3.076"/>
  <system-out/>
  <testcase classname="com.example.demo3.TestAPI.GetNews.getNews" name="testAll" time="2.965"/>
  <system-out/>
</testsuite> <!-- com.example.demo3.TestAPI.GetNews.getNews -->
