<?xml version="1.0" encoding="UTF-8"?>
<!-- Generated by org.testng.reporters.JUnitReportReporter -->
<testsuite hostname="luutienngoc" failures="0" tests="3" name="com.example.demo3.TestAPI.GetDetailAuction.GetDetailAuction" time="4.736" errors="0" timestamp="2022-07-08T23:51:48 ICT" skipped="0">
  <testcase classname="com.example.demo3.TestAPI.GetDetailAuction.GetDetailAuction" name="testAll" time="1.514"/>
  <system-out/>
  <testcase classname="com.example.demo3.TestAPI.GetDetailAuction.GetDetailAuction" name="testAll" time="1.615"/>
  <system-out/>
  <testcase classname="com.example.demo3.TestAPI.GetDetailAuction.GetDetailAuction" name="testAll" time="1.607"/>
  <system-out/>
</testsuite> <!-- com.example.demo3.TestAPI.GetDetailAuction.GetDetailAuction -->
