<?xml version="1.0" encoding="UTF-8"?>
<!-- Generated by org.testng.reporters.JUnitReportReporter -->
<testsuite hostname="luutienngoc" failures="0" tests="3" name="com.example.demo3.TestAPI.GetListBid.GetListBids" time="6.003" errors="0" timestamp="2022-07-09T02:13:06 ICT" skipped="0">
  <testcase classname="com.example.demo3.TestAPI.GetListBid.GetListBids" name="testAll" time="1.551"/>
  <system-out/>
  <testcase classname="com.example.demo3.TestAPI.GetListBid.GetListBids" name="testAll" time="1.477"/>
  <system-out/>
  <testcase classname="com.example.demo3.TestAPI.GetListBid.GetListBids" name="testAll" time="2.975"/>
  <system-out/>
</testsuite> <!-- com.example.demo3.TestAPI.GetListBid.GetListBids -->
