<?xml version="1.0" encoding="UTF-8"?>
<!-- Generated by org.testng.reporters.JUnitReportReporter -->
<testsuite hostname="luutienngoc" failures="0" tests="1" name="com.example.demo3.TestAPI.EditAccount.EditAccount" time="4.608" errors="0" timestamp="2022-07-08T20:20:04 ICT" skipped="0">
  <testcase classname="com.example.demo3.TestAPI.EditAccount.EditAccount" name="testAll" time="4.608"/>
  <system-out/>
</testsuite> <!-- com.example.demo3.TestAPI.EditAccount.EditAccount -->
