<?xml version="1.0" encoding="UTF-8"?>
<!-- Generated by org.testng.reporters.JUnitReportReporter -->
<testsuite hostname="luutienngoc" failures="0" tests="1" name="com.example.demo3.TestAPI.GetListCategories.GetListCategories" time="1.290" errors="0" timestamp="2022-07-10T07:59:34 ICT" skipped="0">
  <testcase classname="com.example.demo3.TestAPI.GetListCategories.GetListCategories" name="testAll" time="1.290"/>
  <system-out/>
</testsuite> <!-- com.example.demo3.TestAPI.GetListCategories.GetListCategories -->
