<?xml version="1.0" encoding="UTF-8"?>
<!-- Generated by org.testng.reporters.JUnitReportReporter -->
<testsuite hostname="luutienngoc" failures="0" tests="1" name="com.example.demo3.TestAPI.CreateAuction.CreateAuctionRandom" time="2.960" errors="0" timestamp="2022-07-09T22:24:41 ICT" skipped="0">
  <testcase classname="com.example.demo3.TestAPI.CreateAuction.CreateAuctionRandom" name="testCreateAuction" time="2.960"/>
  <system-out/>
</testsuite> <!-- com.example.demo3.TestAPI.CreateAuction.CreateAuctionRandom -->
