<?xml version="1.0" encoding="UTF-8"?>
<!-- Generated by org.testng.reporters.JUnitReportReporter -->
<testsuite hostname="luutienngoc" failures="0" tests="10" name="com.example.demo3.TestAPI.GetListAuctionByUser.GetListAuctionsByUser" time="26.615" errors="0" timestamp="2022-07-10T07:59:27 ICT" skipped="0">
  <testcase classname="com.example.demo3.TestAPI.GetListAuctionByUser.GetListAuctionsByUser" name="testAll" time="2.636"/>
  <system-out/>
  <testcase classname="com.example.demo3.TestAPI.GetListAuctionByUser.GetListAuctionsByUser" name="testAll" time="2.607"/>
  <system-out/>
  <testcase classname="com.example.demo3.TestAPI.GetListAuctionByUser.GetListAuctionsByUser" name="testAll" time="2.631"/>
  <system-out/>
  <testcase classname="com.example.demo3.TestAPI.GetListAuctionByUser.GetListAuctionsByUser" name="testAll" time="2.605"/>
  <system-out/>
  <testcase classname="com.example.demo3.TestAPI.GetListAuctionByUser.GetListAuctionsByUser" name="testAll" time="2.614"/>
  <system-out/>
  <testcase classname="com.example.demo3.TestAPI.GetListAuctionByUser.GetListAuctionsByUser" name="testAll" time="2.641"/>
  <system-out/>
  <testcase classname="com.example.demo3.TestAPI.GetListAuctionByUser.GetListAuctionsByUser" name="testAll" time="2.558"/>
  <system-out/>
  <testcase classname="com.example.demo3.TestAPI.GetListAuctionByUser.GetListAuctionsByUser" name="testAll" time="3.094"/>
  <system-out/>
  <testcase classname="com.example.demo3.TestAPI.GetListAuctionByUser.GetListAuctionsByUser" name="testAll" time="2.563"/>
  <system-out/>
  <testcase classname="com.example.demo3.TestAPI.GetListAuctionByUser.GetListAuctionsByUser" name="testAll" time="2.666"/>
  <system-out/>
</testsuite> <!-- com.example.demo3.TestAPI.GetListAuctionByUser.GetListAuctionsByUser -->
