<?xml version="1.0" encoding="UTF-8"?>
<!-- Generated by org.testng.reporters.JUnitReportReporter -->
<testsuite hostname="luutienngoc" failures="0" tests="10" name="com.example.demo3.TestAPI.LoginTest" time="15.305" errors="1" timestamp="2022-07-07T00:10:11 ICT" skipped="0">
  <testcase classname="com.example.demo3.TestAPI.LoginTest" name="testAll" time="1.422"/>
  <system-out/>
  <testcase classname="com.example.demo3.TestAPI.LoginTest" name="testAll" time="1.552"/>
  <system-out/>
  <testcase classname="com.example.demo3.TestAPI.LoginTest" name="testRandom" time="1.517"/>
  <system-out/>
  <testcase classname="com.example.demo3.TestAPI.LoginTest" name="testAtIndex" time="0.000">
    <error message="
Some DataProvider public static java.lang.Object[][] com.example.demo3.Data.LoginData.dataAtIndex(int) throws java.io.IOException parameters unresolved:  at 0 type int
" type="org.testng.TestNGException">
      <![CDATA[org.testng.TestNGException: 
Some DataProvider public static java.lang.Object[][] com.example.demo3.Data.LoginData.dataAtIndex(int) throws java.io.IOException parameters unresolved:  at 0 type int

at org.testng@7.6.0/org.testng.internal.invokers.MethodInvocationHelper.getParameters(MethodInvocationHelper.java:237)
at org.testng@7.6.0/org.testng.internal.invokers.MethodInvocationHelper.invokeDataProvider(MethodInvocationHelper.java:156)
at org.testng@7.6.0/org.testng.internal.Parameters.handleParameters(Parameters.java:791)
at org.testng@7.6.0/org.testng.internal.Parameters.handleParameters(Parameters.java:728)
at org.testng@7.6.0/org.testng.internal.invokers.ParameterHandler.handleParameters(ParameterHandler.java:72)
at org.testng@7.6.0/org.testng.internal.invokers.ParameterHandler.createParameters(ParameterHandler.java:51)
at org.testng@7.6.0/org.testng.internal.invokers.TestInvoker$MethodInvocationAgent.invoke(TestInvoker.java:917)
at org.testng@7.6.0/org.testng.internal.invokers.TestInvoker.invokeTestMethods(TestInvoker.java:194)
at org.testng@7.6.0/org.testng.internal.invokers.TestMethodWorker.invokeTestMethods(TestMethodWorker.java:148)
at org.testng@7.6.0/org.testng.internal.invokers.TestMethodWorker.run(TestMethodWorker.java:128)
at java.base/java.util.ArrayList.forEach(ArrayList.java:1511)
at org.testng@7.6.0/org.testng.TestRunner.privateRun(TestRunner.java:806)
at org.testng@7.6.0/org.testng.TestRunner.run(TestRunner.java:601)
at org.testng@7.6.0/org.testng.SuiteRunner.runTest(SuiteRunner.java:433)
at org.testng@7.6.0/org.testng.SuiteRunner.runSequentially(SuiteRunner.java:427)
at org.testng@7.6.0/org.testng.SuiteRunner.privateRun(SuiteRunner.java:387)
at org.testng@7.6.0/org.testng.SuiteRunner.run(SuiteRunner.java:330)
at org.testng@7.6.0/org.testng.SuiteRunnerWorker.runSuite(SuiteRunnerWorker.java:52)
at org.testng@7.6.0/org.testng.SuiteRunnerWorker.run(SuiteRunnerWorker.java:95)
at org.testng@7.6.0/org.testng.TestNG.runSuitesSequentially(TestNG.java:1256)
at org.testng@7.6.0/org.testng.TestNG.runSuitesLocally(TestNG.java:1176)
at org.testng@7.6.0/org.testng.TestNG.runSuites(TestNG.java:1099)
at org.testng@7.6.0/org.testng.TestNG.run(TestNG.java:1067)
at com.example.demo/com.example.demo3.Controller.Controller.SelectAll(Controller.java:85)
at java.base/jdk.internal.reflect.DirectMethodHandleAccessor.invoke(DirectMethodHandleAccessor.java:104)
at java.base/java.lang.reflect.Method.invoke(Method.java:577)
at com.sun.javafx.reflect.Trampoline.invoke(MethodUtil.java:77)
at java.base/jdk.internal.reflect.DirectMethodHandleAccessor.invoke(DirectMethodHandleAccessor.java:104)
at java.base/java.lang.reflect.Method.invoke(Method.java:577)
at javafx.base@18/com.sun.javafx.reflect.MethodUtil.invoke(MethodUtil.java:275)
at javafx.fxml@18/com.sun.javafx.fxml.MethodHelper.invoke(MethodHelper.java:84)
at javafx.fxml@18/javafx.fxml.FXMLLoader$MethodHandler.invoke(FXMLLoader.java:1852)
at javafx.fxml@18/javafx.fxml.FXMLLoader$ControllerMethodEventHandler.handle(FXMLLoader.java:1724)
at javafx.base@18/com.sun.javafx.event.CompositeEventHandler.dispatchBubblingEvent(CompositeEventHandler.java:86)
at javafx.base@18/com.sun.javafx.event.EventHandlerManager.dispatchBubblingEvent(EventHandlerManager.java:234)
at javafx.base@18/com.sun.javafx.event.EventHandlerManager.dispatchBubblingEvent(EventHandlerManager.java:191)
at javafx.base@18/com.sun.javafx.event.CompositeEventDispatcher.dispatchBubblingEvent(CompositeEventDispatcher.java:59)
at javafx.base@18/com.sun.javafx.event.BasicEventDispatcher.dispatchEvent(BasicEventDispatcher.java:58)
at javafx.base@18/com.sun.javafx.event.EventDispatchChainImpl.dispatchEvent(EventDispatchChainImpl.java:114)
at javafx.base@18/com.sun.javafx.event.BasicEventDispatcher.dispatchEvent(BasicEventDispatcher.java:56)
at javafx.base@18/com.sun.javafx.event.EventDispatchChainImpl.dispatchEvent(EventDispatchChainImpl.java:114)
at javafx.base@18/com.sun.javafx.event.BasicEventDispatcher.dispatchEvent(BasicEventDispatcher.java:56)
at javafx.base@18/com.sun.javafx.event.EventDispatchChainImpl.dispatchEvent(EventDispatchChainImpl.java:114)
at javafx.base@18/com.sun.javafx.event.EventUtil.fireEventImpl(EventUtil.java:74)
at javafx.base@18/com.sun.javafx.event.EventUtil.fireEvent(EventUtil.java:49)
at javafx.base@18/javafx.event.Event.fireEvent(Event.java:198)
at javafx.graphics@18/javafx.scene.Node.fireEvent(Node.java:8797)
at javafx.controls@18/javafx.scene.control.Button.fire(Button.java:203)
at javafx.controls@18/com.sun.javafx.scene.control.behavior.ButtonBehavior.mouseReleased(ButtonBehavior.java:208)
at javafx.controls@18/com.sun.javafx.scene.control.inputmap.InputMap.handle(InputMap.java:274)
at javafx.base@18/com.sun.javafx.event.CompositeEventHandler$NormalEventHandlerRecord.handleBubblingEvent(CompositeEventHandler.java:247)
at javafx.base@18/com.sun.javafx.event.CompositeEventHandler.dispatchBubblingEvent(CompositeEventHandler.java:80)
at javafx.base@18/com.sun.javafx.event.EventHandlerManager.dispatchBubblingEvent(EventHandlerManager.java:234)
at javafx.base@18/com.sun.javafx.event.EventHandlerManager.dispatchBubblingEvent(EventHandlerManager.java:191)
at javafx.base@18/com.sun.javafx.event.CompositeEventDispatcher.dispatchBubblingEvent(CompositeEventDispatcher.java:59)
at javafx.base@18/com.sun.javafx.event.BasicEventDispatcher.dispatchEvent(BasicEventDispatcher.java:58)
at javafx.base@18/com.sun.javafx.event.EventDispatchChainImpl.dispatchEvent(EventDispatchChainImpl.java:114)
at javafx.base@18/com.sun.javafx.event.BasicEventDispatcher.dispatchEvent(BasicEventDispatcher.java:56)
at javafx.base@18/com.sun.javafx.event.EventDispatchChainImpl.dispatchEvent(EventDispatchChainImpl.java:114)
at javafx.base@18/com.sun.javafx.event.BasicEventDispatcher.dispatchEvent(BasicEventDispatcher.java:56)
at javafx.base@18/com.sun.javafx.event.EventDispatchChainImpl.dispatchEvent(EventDispatchChainImpl.java:114)
at javafx.base@18/com.sun.javafx.event.EventUtil.fireEventImpl(EventUtil.java:74)
at javafx.base@18/com.sun.javafx.event.EventUtil.fireEvent(EventUtil.java:54)
at javafx.base@18/javafx.event.Event.fireEvent(Event.java:198)
at javafx.graphics@18/javafx.scene.Scene$MouseHandler.process(Scene.java:3881)
at javafx.graphics@18/javafx.scene.Scene.processMouseEvent(Scene.java:1874)
at javafx.graphics@18/javafx.scene.Scene$ScenePeerListener.mouseEvent(Scene.java:2607)
at javafx.graphics@18/com.sun.javafx.tk.quantum.GlassViewEventHandler$MouseEventNotification.run(GlassViewEventHandler.java:411)
at javafx.graphics@18/com.sun.javafx.tk.quantum.GlassViewEventHandler$MouseEventNotification.run(GlassViewEventHandler.java:301)
at java.base/java.security.AccessController.doPrivileged(AccessController.java:399)
at javafx.graphics@18/com.sun.javafx.tk.quantum.GlassViewEventHandler.lambda$handleMouseEvent$2(GlassViewEventHandler.java:450)
at javafx.graphics@18/com.sun.javafx.tk.quantum.QuantumToolkit.runWithoutRenderLock(QuantumToolkit.java:424)
at javafx.graphics@18/com.sun.javafx.tk.quantum.GlassViewEventHandler.handleMouseEvent(GlassViewEventHandler.java:449)
at javafx.graphics@18/com.sun.glass.ui.View.handleMouseEvent(View.java:551)
at javafx.graphics@18/com.sun.glass.ui.View.notifyMouse(View.java:937)
at javafx.graphics@18/com.sun.glass.ui.gtk.GtkApplication._runLoop(Native Method)
at javafx.graphics@18/com.sun.glass.ui.gtk.GtkApplication.lambda$runLoop$11(GtkApplication.java:316)
at java.base/java.lang.Thread.run(Thread.java:833)
]]>
    </error>
  </testcase> <!-- testAtIndex -->
  <system-out/>
  <testcase classname="com.example.demo3.TestAPI.LoginTest" name="testAll" time="2.922"/>
  <system-out/>
  <testcase classname="com.example.demo3.TestAPI.LoginTest" name="testAll" time="1.615"/>
  <system-out/>
  <testcase classname="com.example.demo3.TestAPI.LoginTest" name="testAll" time="1.564"/>
  <system-out/>
  <testcase classname="com.example.demo3.TestAPI.LoginTest" name="testAll" time="1.521"/>
  <system-out/>
  <testcase classname="com.example.demo3.TestAPI.LoginTest" name="testAll" time="1.549"/>
  <system-out/>
  <testcase classname="com.example.demo3.TestAPI.LoginTest" name="testAll" time="1.643"/>
  <system-out/>
</testsuite> <!-- com.example.demo3.TestAPI.LoginTest -->
