<?xml version="1.0" encoding="UTF-8"?>
<!-- Generated by org.testng.reporters.JUnitReportReporter -->
<testsuite hostname="luutienngoc" failures="0" tests="3" name="com.example.demo3.TestAPI.GetListBid.GetListBids" time="3.798" errors="0" timestamp="2022-07-10T07:59:31 ICT" skipped="0">
  <testcase classname="com.example.demo3.TestAPI.GetListBid.GetListBids" name="testAll" time="1.256"/>
  <system-out/>
  <testcase classname="com.example.demo3.TestAPI.GetListBid.GetListBids" name="testAll" time="1.255"/>
  <system-out/>
  <testcase classname="com.example.demo3.TestAPI.GetListBid.GetListBids" name="testAll" time="1.287"/>
  <system-out/>
</testsuite> <!-- com.example.demo3.TestAPI.GetListBid.GetListBids -->
