<?xml version="1.0" encoding="UTF-8"?>
<!-- Generated by org.testng.reporters.JUnitReportReporter -->
<testsuite hostname="luutienngoc" failures="0" tests="2" name="com.example.demo3.TestAPI.GetListAuctionByUser.GetListAuctionsByUser" time="7.160" errors="0" timestamp="2022-07-09T02:09:22 ICT" skipped="0">
  <testcase classname="com.example.demo3.TestAPI.GetListAuctionByUser.GetListAuctionsByUser" name="testAll" time="3.583"/>
  <system-out/>
  <testcase classname="com.example.demo3.TestAPI.GetListAuctionByUser.GetListAuctionsByUser" name="testAll" time="3.577"/>
  <system-out/>
</testsuite> <!-- com.example.demo3.TestAPI.GetListAuctionByUser.GetListAuctionsByUser -->
