<?xml version="1.0" encoding="UTF-8"?>
<!-- Generated by org.testng.reporters.JUnitReportReporter -->
<testsuite hostname="luutienngoc" failures="0" tests="6" name="com.example.demo3.TestAPI.GetListAuctionByStatus.GetListAuctionsByStatus" time="9.115" errors="0" timestamp="2022-07-09T02:02:55 ICT" skipped="0">
  <testcase classname="com.example.demo3.TestAPI.GetListAuctionByStatus.GetListAuctionsByStatus" name="testAll" time="1.439"/>
  <system-out/>
  <testcase classname="com.example.demo3.TestAPI.GetListAuctionByStatus.GetListAuctionsByStatus" name="testAll" time="1.536"/>
  <system-out/>
  <testcase classname="com.example.demo3.TestAPI.GetListAuctionByStatus.GetListAuctionsByStatus" name="testAll" time="1.532"/>
  <system-out/>
  <testcase classname="com.example.demo3.TestAPI.GetListAuctionByStatus.GetListAuctionsByStatus" name="testAll" time="1.565"/>
  <system-out/>
  <testcase classname="com.example.demo3.TestAPI.GetListAuctionByStatus.GetListAuctionsByStatus" name="testAll" time="1.601"/>
  <system-out/>
  <testcase classname="com.example.demo3.TestAPI.GetListAuctionByStatus.GetListAuctionsByStatus" name="testAll" time="1.442"/>
  <system-out/>
</testsuite> <!-- com.example.demo3.TestAPI.GetListAuctionByStatus.GetListAuctionsByStatus -->
