<?xml version="1.0" encoding="UTF-8"?>
<!-- Generated by org.testng.reporters.JUnitReportReporter -->
<testsuite hostname="luutienngoc" failures="0" tests="15" name="com.example.demo3.TestAPI.GetNews.getNews" time="44.955" errors="0" timestamp="2022-07-10T08:00:32 ICT" skipped="0">
  <testcase classname="com.example.demo3.TestAPI.GetNews.getNews" name="testAll" time="2.742"/>
  <system-out/>
  <testcase classname="com.example.demo3.TestAPI.GetNews.getNews" name="testAll" time="2.635"/>
  <system-out/>
  <testcase classname="com.example.demo3.TestAPI.GetNews.getNews" name="testAll" time="2.710"/>
  <system-out/>
  <testcase classname="com.example.demo3.TestAPI.GetNews.getNews" name="testAll" time="2.641"/>
  <system-out/>
  <testcase classname="com.example.demo3.TestAPI.GetNews.getNews" name="testAll" time="2.633"/>
  <system-out/>
  <testcase classname="com.example.demo3.TestAPI.GetNews.getNews" name="testAll" time="2.738"/>
  <system-out/>
  <testcase classname="com.example.demo3.TestAPI.GetNews.getNews" name="testAll" time="2.731"/>
  <system-out/>
  <testcase classname="com.example.demo3.TestAPI.GetNews.getNews" name="testAll" time="2.631"/>
  <system-out/>
  <testcase classname="com.example.demo3.TestAPI.GetNews.getNews" name="testAll" time="2.623"/>
  <system-out/>
  <testcase classname="com.example.demo3.TestAPI.GetNews.getNews" name="testAll" time="7.709"/>
  <system-out/>
  <testcase classname="com.example.demo3.TestAPI.GetNews.getNews" name="testAll" time="2.774"/>
  <system-out/>
  <testcase classname="com.example.demo3.TestAPI.GetNews.getNews" name="testAll" time="2.632"/>
  <system-out/>
  <testcase classname="com.example.demo3.TestAPI.GetNews.getNews" name="testAll" time="2.597"/>
  <system-out/>
  <testcase classname="com.example.demo3.TestAPI.GetNews.getNews" name="testAll" time="2.588"/>
  <system-out/>
  <testcase classname="com.example.demo3.TestAPI.GetNews.getNews" name="testAll" time="2.571"/>
  <system-out/>
</testsuite> <!-- com.example.demo3.TestAPI.GetNews.getNews -->
