<?xml version="1.0" encoding="UTF-8"?>
<!-- Generated by org.testng.reporters.JUnitReportReporter -->
<testsuite hostname="luutienngoc" failures="0" tests="1" name="com.example.demo3.TestAPI.GetListBid.GetListBidsAtIndex" time="1.491" errors="0" timestamp="2022-07-09T02:13:28 ICT" skipped="0">
  <testcase classname="com.example.demo3.TestAPI.GetListBid.GetListBidsAtIndex" name="testAll" time="1.491"/>
  <system-out/>
</testsuite> <!-- com.example.demo3.TestAPI.GetListBid.GetListBidsAtIndex -->
