<?xml version="1.0" encoding="UTF-8"?>
<!-- Generated by org.testng.reporters.JUnitReportReporter -->
<testsuite hostname="luutienngoc" failures="0" tests="1" name="com.example.demo3.TestAPI.GetListCategories.GetListCategories" time="2.993" errors="0" timestamp="2022-07-09T16:13:15 ICT" skipped="0">
  <testcase classname="com.example.demo3.TestAPI.GetListCategories.GetListCategories" name="testAll" time="2.993"/>
  <system-out/>
</testsuite> <!-- com.example.demo3.TestAPI.GetListCategories.GetListCategories -->
