<?xml version="1.0" encoding="UTF-8"?>
<!-- Generated by org.testng.reporters.JUnitReportReporter -->
<testsuite hostname="luutienngoc" failures="0" tests="1" name="com.example.demo3.TestAPI.GetListBrands.GetListBrands" time="1.320" errors="0" timestamp="2022-07-10T07:59:33 ICT" skipped="0">
  <testcase classname="com.example.demo3.TestAPI.GetListBrands.GetListBrands" name="testAll" time="1.320"/>
  <system-out/>
</testsuite> <!-- com.example.demo3.TestAPI.GetListBrands.GetListBrands -->
