<?xml version="1.0" encoding="UTF-8"?>
<!-- Generated by org.testng.reporters.JUnitReportReporter -->
<testsuite hostname="luutienngoc" failures="0" tests="1" name="com.example.demo3.TestAPI.ContactUs.ContactUsAll" time="2.784" errors="0" timestamp="2022-07-09T12:36:37 ICT" skipped="0">
  <testcase classname="com.example.demo3.TestAPI.ContactUs.ContactUsAll" name="testAll" time="2.784"/>
  <system-out/>
</testsuite> <!-- com.example.demo3.TestAPI.ContactUs.ContactUsAll -->
