<?xml version="1.0" encoding="UTF-8"?>
<!-- Generated by org.testng.reporters.JUnitReportReporter -->
<testsuite hostname="luutienngoc" failures="0" tests="15" name="com.example.demo3.TestAPI.GetTotalLikeOfAuction.getTotalLikesOfAuction" time="41.738" errors="0" timestamp="2022-07-09T16:01:32 ICT" skipped="0">
  <testcase classname="com.example.demo3.TestAPI.GetTotalLikeOfAuction.getTotalLikesOfAuction" name="testAll" time="2.679"/>
  <system-out/>
  <testcase classname="com.example.demo3.TestAPI.GetTotalLikeOfAuction.getTotalLikesOfAuction" name="testAll" time="2.670"/>
  <system-out/>
  <testcase classname="com.example.demo3.TestAPI.GetTotalLikeOfAuction.getTotalLikesOfAuction" name="testAll" time="2.566"/>
  <system-out/>
  <testcase classname="com.example.demo3.TestAPI.GetTotalLikeOfAuction.getTotalLikesOfAuction" name="testAll" time="2.596"/>
  <system-out/>
  <testcase classname="com.example.demo3.TestAPI.GetTotalLikeOfAuction.getTotalLikesOfAuction" name="testAll" time="2.876"/>
  <system-out/>
  <testcase classname="com.example.demo3.TestAPI.GetTotalLikeOfAuction.getTotalLikesOfAuction" name="testAll" time="4.365"/>
  <system-out/>
  <testcase classname="com.example.demo3.TestAPI.GetTotalLikeOfAuction.getTotalLikesOfAuction" name="testAll" time="2.731"/>
  <system-out/>
  <testcase classname="com.example.demo3.TestAPI.GetTotalLikeOfAuction.getTotalLikesOfAuction" name="testAll" time="2.698"/>
  <system-out/>
  <testcase classname="com.example.demo3.TestAPI.GetTotalLikeOfAuction.getTotalLikesOfAuction" name="testAll" time="2.664"/>
  <system-out/>
  <testcase classname="com.example.demo3.TestAPI.GetTotalLikeOfAuction.getTotalLikesOfAuction" name="testAll" time="2.580"/>
  <system-out/>
  <testcase classname="com.example.demo3.TestAPI.GetTotalLikeOfAuction.getTotalLikesOfAuction" name="testAll" time="2.627"/>
  <system-out/>
  <testcase classname="com.example.demo3.TestAPI.GetTotalLikeOfAuction.getTotalLikesOfAuction" name="testAll" time="2.678"/>
  <system-out/>
  <testcase classname="com.example.demo3.TestAPI.GetTotalLikeOfAuction.getTotalLikesOfAuction" name="testAll" time="2.637"/>
  <system-out/>
  <testcase classname="com.example.demo3.TestAPI.GetTotalLikeOfAuction.getTotalLikesOfAuction" name="testAll" time="2.762"/>
  <system-out/>
  <testcase classname="com.example.demo3.TestAPI.GetTotalLikeOfAuction.getTotalLikesOfAuction" name="testAll" time="2.609"/>
  <system-out/>
</testsuite> <!-- com.example.demo3.TestAPI.GetTotalLikeOfAuction.getTotalLikesOfAuction -->
