<?xml version="1.0" encoding="UTF-8"?>
<!-- Generated by org.testng.reporters.JUnitReportReporter -->
<testsuite hostname="luutienngoc" failures="0" tests="1" name="com.example.demo3.TestAPI.GetTotalLikeOfAuction.getTotalLikesOfAuctionAtIndex" time="3.091" errors="0" timestamp="2022-07-09T15:19:35 ICT" skipped="0">
  <testcase classname="com.example.demo3.TestAPI.GetTotalLikeOfAuction.getTotalLikesOfAuctionAtIndex" name="testAll" time="3.091"/>
  <system-out/>
</testsuite> <!-- com.example.demo3.TestAPI.GetTotalLikeOfAuction.getTotalLikesOfAuctionAtIndex -->
