<?xml version="1.0" encoding="UTF-8"?>
<!-- Generated by org.testng.reporters.JUnitReportReporter -->
<testsuite hostname="luutienngoc" failures="0" tests="1" name="com.example.demo3.TestAPI.ContactUs.ContactUsAll" time="1.257" errors="0" timestamp="2022-07-10T07:56:51 ICT" skipped="0">
  <testcase classname="com.example.demo3.TestAPI.ContactUs.ContactUsAll" name="testAll" time="1.257"/>
  <system-out/>
</testsuite> <!-- com.example.demo3.TestAPI.ContactUs.ContactUsAll -->
