<?xml version="1.0" encoding="UTF-8"?>
<!-- Generated by org.testng.reporters.JUnitReportReporter -->
<testsuite hostname="luutienngoc" failures="0" tests="15" name="com.example.demo3.TestAPI.GetTotalLikeOfAuction.getTotalLikesOfAuction" time="39.416" errors="0" timestamp="2022-07-10T08:01:55 ICT" skipped="0">
  <testcase classname="com.example.demo3.TestAPI.GetTotalLikeOfAuction.getTotalLikesOfAuction" name="testAll" time="2.705"/>
  <system-out/>
  <testcase classname="com.example.demo3.TestAPI.GetTotalLikeOfAuction.getTotalLikesOfAuction" name="testAll" time="2.593"/>
  <system-out/>
  <testcase classname="com.example.demo3.TestAPI.GetTotalLikeOfAuction.getTotalLikesOfAuction" name="testAll" time="2.566"/>
  <system-out/>
  <testcase classname="com.example.demo3.TestAPI.GetTotalLikeOfAuction.getTotalLikesOfAuction" name="testAll" time="2.581"/>
  <system-out/>
  <testcase classname="com.example.demo3.TestAPI.GetTotalLikeOfAuction.getTotalLikesOfAuction" name="testAll" time="2.574"/>
  <system-out/>
  <testcase classname="com.example.demo3.TestAPI.GetTotalLikeOfAuction.getTotalLikesOfAuction" name="testAll" time="2.710"/>
  <system-out/>
  <testcase classname="com.example.demo3.TestAPI.GetTotalLikeOfAuction.getTotalLikesOfAuction" name="testAll" time="2.611"/>
  <system-out/>
  <testcase classname="com.example.demo3.TestAPI.GetTotalLikeOfAuction.getTotalLikesOfAuction" name="testAll" time="2.623"/>
  <system-out/>
  <testcase classname="com.example.demo3.TestAPI.GetTotalLikeOfAuction.getTotalLikesOfAuction" name="testAll" time="2.527"/>
  <system-out/>
  <testcase classname="com.example.demo3.TestAPI.GetTotalLikeOfAuction.getTotalLikesOfAuction" name="testAll" time="2.669"/>
  <system-out/>
  <testcase classname="com.example.demo3.TestAPI.GetTotalLikeOfAuction.getTotalLikesOfAuction" name="testAll" time="2.743"/>
  <system-out/>
  <testcase classname="com.example.demo3.TestAPI.GetTotalLikeOfAuction.getTotalLikesOfAuction" name="testAll" time="2.587"/>
  <system-out/>
  <testcase classname="com.example.demo3.TestAPI.GetTotalLikeOfAuction.getTotalLikesOfAuction" name="testAll" time="2.624"/>
  <system-out/>
  <testcase classname="com.example.demo3.TestAPI.GetTotalLikeOfAuction.getTotalLikesOfAuction" name="testAll" time="2.661"/>
  <system-out/>
  <testcase classname="com.example.demo3.TestAPI.GetTotalLikeOfAuction.getTotalLikesOfAuction" name="testAll" time="2.642"/>
  <system-out/>
</testsuite> <!-- com.example.demo3.TestAPI.GetTotalLikeOfAuction.getTotalLikesOfAuction -->
