<?xml version="1.0" encoding="UTF-8"?>
<!-- Generated by org.testng.reporters.JUnitReportReporter -->
<testsuite hostname="luutienngoc" failures="0" tests="1" name="com.example.demo3.TestAPI.GetListAuctionByStatus.GetListAuctionsByStatusAtIndex" time="1.354" errors="0" timestamp="2022-07-09T02:03:23 ICT" skipped="0">
  <testcase classname="com.example.demo3.TestAPI.GetListAuctionByStatus.GetListAuctionsByStatusAtIndex" name="testAll" time="1.354"/>
  <system-out/>
</testsuite> <!-- com.example.demo3.TestAPI.GetListAuctionByStatus.GetListAuctionsByStatusAtIndex -->
