<?xml version="1.0" encoding="UTF-8"?>
<!-- Generated by org.testng.reporters.JUnitReportReporter -->
<testsuite hostname="luutienngoc" failures="0" tests="12" name="com.example.demo3.TestAPI.EditAuction.EditAuction" time="33.583" errors="0" timestamp="2022-07-09T15:55:02 ICT" skipped="0">
  <testcase classname="com.example.demo3.TestAPI.EditAuction.EditAuction" name="testCreateAuction" time="2.724"/>
  <system-out/>
  <testcase classname="com.example.demo3.TestAPI.EditAuction.EditAuction" name="testCreateAuction" time="2.683"/>
  <system-out/>
  <testcase classname="com.example.demo3.TestAPI.EditAuction.EditAuction" name="testCreateAuction" time="2.648"/>
  <system-out/>
  <testcase classname="com.example.demo3.TestAPI.EditAuction.EditAuction" name="testCreateAuction" time="2.637"/>
  <system-out/>
  <testcase classname="com.example.demo3.TestAPI.EditAuction.EditAuction" name="testCreateAuction" time="2.624"/>
  <system-out/>
  <testcase classname="com.example.demo3.TestAPI.EditAuction.EditAuction" name="testCreateAuction" time="2.632"/>
  <system-out/>
  <testcase classname="com.example.demo3.TestAPI.EditAuction.EditAuction" name="testCreateAuction" time="2.634"/>
  <system-out/>
  <testcase classname="com.example.demo3.TestAPI.EditAuction.EditAuction" name="testCreateAuction" time="4.317"/>
  <system-out/>
  <testcase classname="com.example.demo3.TestAPI.EditAuction.EditAuction" name="testCreateAuction" time="2.619"/>
  <system-out/>
  <testcase classname="com.example.demo3.TestAPI.EditAuction.EditAuction" name="testCreateAuction" time="2.711"/>
  <system-out/>
  <testcase classname="com.example.demo3.TestAPI.EditAuction.EditAuction" name="testCreateAuction" time="2.667"/>
  <system-out/>
  <testcase classname="com.example.demo3.TestAPI.EditAuction.EditAuction" name="testCreateAuction" time="2.687"/>
  <system-out/>
</testsuite> <!-- com.example.demo3.TestAPI.EditAuction.EditAuction -->
